# JRE version: Java(TM) SE Runtime Environment (8.0_172-b11) (build 1.8.0_172-b11)
# Java VM: Java HotSpot(TM) 64-Bit Server VM (25.172-b11 mixed mode bsd-amd64 compressed oops)
Heap:
 PSYoungGen      total 264192K, used 29905K [0x00000007aab00000, 0x00000007bf900000, 0x00000007c0000000)
  eden space 183296K, 0% used [0x00000007aab00000,0x00000007aab00000,0x00000007b5e00000)
  from space 80896K, 36% used [0x00000007b5e00000,0x00000007b7b34790,0x00000007bad00000)
  to   space 77824K, 0% used [0x00000007bad00000,0x00000007bad00000,0x00000007bf900000)
 ParOldGen       total 132608K, used 117509K [0x0000000780000000, 0x0000000788180000, 0x00000007aab00000)
  object space 132608K, 88% used [0x0000000780000000,0x00000007872c14d0,0x0000000788180000)
 Metaspace       used 87883K, capacity 92054K, committed 92160K, reserved 1128448K
  class space    used 11260K, capacity 12247K, committed 12288K, reserved 1048576K
GC Heap History (10 events):
Event: 199,611 GC heap after
Heap after GC invocations=32 (full 3):
 PSYoungGen      total 248320K, used 56737K [0x00000007aab00000, 0x00000007c0000000, 0x00000007c0000000)
  eden space 191488K, 0% used [0x00000007aab00000,0x00000007aab00000,0x00000007b6600000)
  from space 56832K, 99% used [0x00000007b6600000,0x00000007b9d68550,0x00000007b9d80000)
  to   space 83456K, 0% used [0x00000007bae80000,0x00000007bae80000,0x00000007c0000000)
 ParOldGen       total 132608K, used 82904K [0x0000000780000000, 0x0000000788180000, 0x00000007aab00000)
  object space 132608K, 62% used [0x0000000780000000,0x00000007850f6248,0x0000000788180000)
 Metaspace       used 87376K, capacity 91500K, committed 91648K, reserved 1128448K
  class space    used 11250K, capacity 12246K, committed 12288K, reserved 1048576K
}
Event: 200,895 GC heap before
{Heap before GC invocations=33 (full 3):
 PSYoungGen      total 248320K, used 248225K [0x00000007aab00000, 0x00000007c0000000, 0x00000007c0000000)
  eden space 191488K, 100% used [0x00000007aab00000,0x00000007b6600000,0x00000007b6600000)
  from space 56832K, 99% used [0x00000007b6600000,0x00000007b9d68550,0x00000007b9d80000)
  to   space 83456K, 0% used [0x00000007bae80000,0x00000007bae80000,0x00000007c0000000)
 ParOldGen       total 132608K, used 82904K [0x0000000780000000, 0x0000000788180000, 0x00000007aab00000)
  object space 132608K, 62% used [0x0000000780000000,0x00000007850f6248,0x0000000788180000)
 Metaspace       used 87553K, capacity 91696K, committed 91904K, reserved 1128448K
  class space    used 11260K, capacity 12246K, committed 12288K, reserved 1048576K
Event: 201,025 GC heap after
Heap after GC invocations=33 (full 3):
 PSYoungGen      total 265728K, used 47862K [0x00000007aab00000, 0x00000007c0000000, 0x00000007c0000000)
  eden space 182272K, 0% used [0x00000007aab00000,0x00000007aab00000,0x00000007b5d00000)
  from space 83456K, 57% used [0x00000007bae80000,0x00000007bdd3dbf8,0x00000007c0000000)
  to   space 83456K, 0% used [0x00000007b5d00000,0x00000007b5d00000,0x00000007bae80000)
 ParOldGen       total 132608K, used 92658K [0x0000000780000000, 0x0000000788180000, 0x00000007aab00000)
  object space 132608K, 69% used [0x0000000780000000,0x0000000785a7cb58,0x0000000788180000)
 Metaspace       used 87553K, capacity 91696K, committed 91904K, reserved 1128448K
  class space    used 11260K, capacity 12246K, committed 12288K, reserved 1048576K
}
Event: 202,213 GC heap before
{Heap before GC invocations=34 (full 3):
 PSYoungGen      total 265728K, used 230134K [0x00000007aab00000, 0x00000007c0000000, 0x00000007c0000000)
  eden space 182272K, 100% used [0x00000007aab00000,0x00000007b5d00000,0x00000007b5d00000)
  from space 83456K, 57% used [0x00000007bae80000,0x00000007bdd3dbf8,0x00000007c0000000)
  to   space 83456K, 0% used [0x00000007b5d00000,0x00000007b5d00000,0x00000007bae80000)
 ParOldGen       total 132608K, used 92658K [0x0000000780000000, 0x0000000788180000, 0x00000007aab00000)
  object space 132608K, 69% used [0x0000000780000000,0x0000000785a7cb58,0x0000000788180000)
 Metaspace       used 87651K, capacity 91770K, committed 91904K, reserved 1128448K
  class space    used 11260K, capacity 12247K, committed 12288K, reserved 1048576K
Event: 202,340 GC heap after
Heap after GC invocations=34 (full 3):
 PSYoungGen      total 226816K, used 44414K [0x00000007aab00000, 0x00000007bfd00000, 0x00000007c0000000)
  eden space 182272K, 0% used [0x00000007aab00000,0x00000007aab00000,0x00000007b5d00000)
  from space 44544K, 99% used [0x00000007b5d00000,0x00000007b885fb98,0x00000007b8880000)
  to   space 81920K, 0% used [0x00000007bad00000,0x00000007bad00000,0x00000007bfd00000)
 ParOldGen       total 132608K, used 98690K [0x0000000780000000, 0x0000000788180000, 0x00000007aab00000)
  object space 132608K, 74% used [0x0000000780000000,0x0000000786060938,0x0000000788180000)
 Metaspace       used 87651K, capacity 91770K, committed 91904K, reserved 1128448K
  class space    used 11260K, capacity 12247K, committed 12288K, reserved 1048576K
}
Event: 203,322 GC heap before
{Heap before GC invocations=35 (full 3):
 PSYoungGen      total 226816K, used 226686K [0x00000007aab00000, 0x00000007bfd00000, 0x00000007c0000000)
  eden space 182272K, 100% used [0x00000007aab00000,0x00000007b5d00000,0x00000007b5d00000)
  from space 44544K, 99% used [0x00000007b5d00000,0x00000007b885fb98,0x00000007b8880000)
  to   space 81920K, 0% used [0x00000007bad00000,0x00000007bad00000,0x00000007bfd00000)
 ParOldGen       total 132608K, used 98690K [0x0000000780000000, 0x0000000788180000, 0x00000007aab00000)
  object space 132608K, 74% used [0x0000000780000000,0x0000000786060938,0x0000000788180000)
 Metaspace       used 87788K, capacity 91906K, committed 92160K, reserved 1128448K
  class space    used 11260K, capacity 12247K, committed 12288K, reserved 1048576K
Event: 203,423 GC heap after
Heap after GC invocations=35 (full 3):
 PSYoungGen      total 265216K, used 45669K [0x00000007aab00000, 0x00000007c0000000, 0x00000007c0000000)
  eden space 183296K, 0% used [0x00000007aab00000,0x00000007aab00000,0x00000007b5e00000)
  from space 81920K, 55% used [0x00000007bad00000,0x00000007bd999588,0x00000007bfd00000)
  to   space 80896K, 0% used [0x00000007b5e00000,0x00000007b5e00000,0x00000007bad00000)
 ParOldGen       total 132608K, used 99231K [0x0000000780000000, 0x0000000788180000, 0x00000007aab00000)
  object space 132608K, 74% used [0x0000000780000000,0x00000007860e7c08,0x0000000788180000)
 Metaspace       used 87788K, capacity 91906K, committed 92160K, reserved 1128448K
  class space    used 11260K, capacity 12247K, committed 12288K, reserved 1048576K
}
Event: 204,509 GC heap before
{Heap before GC invocations=36 (full 3):
 PSYoungGen      total 265216K, used 228965K [0x00000007aab00000, 0x00000007c0000000, 0x00000007c0000000)
  eden space 183296K, 100% used [0x00000007aab00000,0x00000007b5e00000,0x00000007b5e00000)
  from space 81920K, 55% used [0x00000007bad00000,0x00000007bd999588,0x00000007bfd00000)
  to   space 80896K, 0% used [0x00000007b5e00000,0x00000007b5e00000,0x00000007bad00000)
 ParOldGen       total 132608K, used 99231K [0x0000000780000000, 0x0000000788180000, 0x00000007aab00000)
  object space 132608K, 74% used [0x0000000780000000,0x00000007860e7c08,0x0000000788180000)
 Metaspace       used 87883K, capacity 92054K, committed 92160K, reserved 1128448K
  class space    used 11260K, capacity 12247K, committed 12288K, reserved 1048576K
Event: 204,611 GC heap after
Heap after GC invocations=36 (full 3):
 PSYoungGen      total 264192K, used 29905K [0x00000007aab00000, 0x00000007bf900000, 0x00000007c0000000)
  eden space 183296K, 0% used [0x00000007aab00000,0x00000007aab00000,0x00000007b5e00000)
  from space 80896K, 36% used [0x00000007b5e00000,0x00000007b7b34790,0x00000007bad00000)
  to   space 77824K, 0% used [0x00000007bad00000,0x00000007bad00000,0x00000007bf900000)
 ParOldGen       total 132608K, used 117509K [0x0000000780000000, 0x0000000788180000, 0x00000007aab00000)
  object space 132608K, 88% used [0x0000000780000000,0x00000007872c14d0,0x0000000788180000)
 Metaspace       used 87883K, capacity 92054K, committed 92160K, reserved 1128448K
  class space    used 11260K, capacity 12247K, committed 12288K, reserved 1048576K
}
Event: 204,611 GC heap before
{Heap before GC invocations=37 (full 4):
 PSYoungGen      total 264192K, used 29905K [0x00000007aab00000, 0x00000007bf900000, 0x00000007c0000000)
  eden space 183296K, 0% used [0x00000007aab00000,0x00000007aab00000,0x00000007b5e00000)
  from space 80896K, 36% used [0x00000007b5e00000,0x00000007b7b34790,0x00000007bad00000)
  to   space 77824K, 0% used [0x00000007bad00000,0x00000007bad00000,0x00000007bf900000)
 ParOldGen       total 132608K, used 117509K [0x0000000780000000, 0x0000000788180000, 0x00000007aab00000)
  object space 132608K, 88% used [0x0000000780000000,0x00000007872c14d0,0x0000000788180000)
 Metaspace       used 87883K, capacity 92054K, committed 92160K, reserved 1128448K
  class space    used 11260K, capacity 12247K, committed 12288K, reserved 1048576K

